[32m2025-10-23 20:50:27 -0600[0m - dagster - [34mDEBUG[0m - __ASSET_JOB - 26ff8baa-8f50-4555-a052-9d89e5fe78f0 - 196833 - LOGS_CAPTURED - Started capturing logs in process (pid: 196833).
[32m2025-10-23 20:50:27 -0600[0m - dagster - [34mDEBUG[0m - __ASSET_JOB - 26ff8baa-8f50-4555-a052-9d89e5fe78f0 - 196833 - parse_consultations_data - STEP_START - Started execution of step "parse_consultations_data".
[32m2025-10-23 20:50:27 -0600[0m - dagster - [34mERROR[0m - [31m__ASSET_JOB - 26ff8baa-8f50-4555-a052-9d89e5fe78f0 - 196833 - parse_consultations_data - STEP_FAILURE - Execution of step "parse_consultations_data" failed.

dagster._core.errors.DagsterExecutionStepExecutionError: Error occurred while executing op "parse_consultations_data"::

NameError: name 'pd' is not defined

Stack Trace:
  File "/home/armando/git/insurance_case/dagster-quickstart/.venv/lib/python3.12/site-packages/dagster/_core/execution/plan/utils.py", line 57, in op_execution_error_boundary
    yield
  File "/home/armando/git/insurance_case/dagster-quickstart/.venv/lib/python3.12/site-packages/dagster/_utils/__init__.py", line 392, in iterate_with_context
    next_output = next(iterator)
                  ^^^^^^^^^^^^^^
  File "/home/armando/git/insurance_case/dagster-quickstart/.venv/lib/python3.12/site-packages/dagster/_core/execution/plan/compute_generator.py", line 137, in _coerce_op_compute_fn_to_iterator
    result = invoke_compute_fn(
             ^^^^^^^^^^^^^^^^^^
  File "/home/armando/git/insurance_case/dagster-quickstart/.venv/lib/python3.12/site-packages/dagster/_core/execution/plan/compute_generator.py", line 117, in invoke_compute_fn
    return fn(context, **args_to_pass) if context_arg_provided else fn(**args_to_pass)
                                                                    ^^^^^^^^^^^^^^^^^^
  File "/home/armando/git/insurance_case/dagster-quickstart/src/dagster_quickstart/defs/assets.py", line 6, in parse_consultations_data
    consultations = pd.read_csv('/home/armando/git/insurance_case/datalake/raw/consultas_dummy.csv', sep=';')
                    ^^
[0m
